<?xml version="1.0" encoding="UTF-8"?>
<testng-results skipped="0" failed="0" ignored="0" total="1" passed="1">
  <reporter-output>
  </reporter-output>
  <suite name="Default suite" duration-ms="46806" started-at="2021-01-19T08:14:48 IST" finished-at="2021-01-19T08:15:35 IST">
    <groups>
    </groups>
    <test name="Default test" duration-ms="46806" started-at="2021-01-19T08:14:48 IST" finished-at="2021-01-19T08:15:35 IST">
      <class name="com.durgasoft.testNG.HMS_Login_Excel_API">
        <test-method status="PASS" signature="beforeTest()[pri:0, instance:com.durgasoft.testNG.HMS_Login_Excel_API@5a1c0542]" name="beforeTest" is-config="true" duration-ms="38943" started-at="2021-01-19T08:14:48 IST" finished-at="2021-01-19T08:15:27 IST">
          <reporter-output>
          </reporter-output>
        </test-method> <!-- beforeTest -->
        <test-method status="PASS" signature="f()[pri:0, instance:com.durgasoft.testNG.HMS_Login_Excel_API@5a1c0542]" name="f" duration-ms="7733" started-at="2021-01-19T08:15:27 IST" finished-at="2021-01-19T08:15:35 IST">
          <reporter-output>
          </reporter-output>
        </test-method> <!-- f -->
      </class> <!-- com.durgasoft.testNG.HMS_Login_Excel_API -->
    </test> <!-- Default test -->
  </suite> <!-- Default suite -->
</testng-results>
